[debug] > Exec(early(addDefaultCommands), None, None)
[debug] > Exec(addDefaultCommands, None, None)
[debug] > Exec(early(initialize), None, None)
[debug] > Exec(initialize, None, None)
[debug] > Exec(early(addPluginSbtFile="""C:\Users\JANFAN\AppData\Local\Temp\idea.sbt"""), None, None)
[debug] > Exec(addPluginSbtFile="""C:\Users\JANFAN\AppData\Local\Temp\idea.sbt""", None, None)
[debug] > Exec(boot, None, None)
[debug] > Exec(writeSbtVersion, None, None)
[debug] > Exec(reload, None, None)
[debug] > Exec(sbtStashOnFailure, None, None)
[debug] > Exec(onFailure loadFailed, None, None)
[debug] > Exec(loadp, None, None)
[info] welcome to sbt 1.7.1 (Oracle Corporation Java 11.0.22)
[debug] Load.defaultLoad until apply took 1984.7834ms
[debug]           Load.loadUnit: plugins took 1711.3532ms
[debug]           Load.loadUnit: defsScala took 3.0028ms
[debug] [Loading] Scanning directory C:\Users\JANFAN\Documents\GitHub\CSYE7200-HW2\assignment-lazy\project
[debug]             Load.loadUnit: mkEval took 21.9009ms
[debug] [Loading] Found non-root projects 
[debug] [Loading] Done in C:\Users\JANFAN\Documents\GitHub\CSYE7200-HW2\assignment-lazy\project, returning: ()
[debug] deducing auto plugins based on known facts Set(Atom(sbt.plugins.CorePlugin)) and clauses Clauses(Clause(Atom(sbt.plugins.JvmPlugin),Set(Atom(sbt.plugins.IvyPlugin)))
[debug] Clause(Atom(sbt.ScriptedPlugin),Set(Atom(sbt.plugins.JvmPlugin)))
[debug] Clause(Atom(sbt.plugins.SbtPlugin),Set(Atom(sbt.ScriptedPlugin)))
[debug] Clause(Atom(sbt.plugins.SemanticdbPlugin),Set(Atom(sbt.plugins.JvmPlugin)))
[debug] Clause(Atom(sbt.plugins.JUnitXmlReportPlugin),Set(Atom(sbt.plugins.JvmPlugin)))
[debug] Clause(Atom(sbt.plugins.MiniDependencyTreePlugin),Set(Atom(sbt.plugins.JvmPlugin)))
[debug] Clause(Atom(sbt.plugins.CorePlugin),Set(Atom(sbt.plugins.IvyPlugin)))
[debug] Clause(Atom(sbt.plugins.IvyPlugin),Set(Atom(sbt.plugins.JvmPlugin)))
[debug] Clause(Atom(sbt.plugins.JvmPlugin),Set(Atom(sbt.plugins.SemanticdbPlugin)))
[debug] Clause(Atom(sbt.plugins.JvmPlugin),Set(Atom(sbt.plugins.JUnitXmlReportPlugin)))
[debug] Clause(Atom(sbt.plugins.CorePlugin),Set(Atom(sbt.plugins.Giter8TemplatePlugin)))
[debug] Clause(Atom(sbt.plugins.JvmPlugin),Set(Atom(sbt.plugins.MiniDependencyTreePlugin))))
[debug]   :: deduced result: Matched(sbt.plugins.CorePlugin,sbt.plugins.Giter8TemplatePlugin,sbt.plugins.IvyPlugin,sbt.plugins.JvmPlugin,sbt.plugins.MiniDependencyTreePlugin,sbt.plugins.JUnitXmlReportPlugin,sbt.plugins.SemanticdbPlugin)
[debug] Plugins.deducer#function took 57.047 ms
[info] loading settings for project assignment-lazy-build from plugins.sbt,idea.sbt ...
[debug]               Load.resolveProject(assignment-lazy-build) took 138.3347ms
[debug]             Load.loadTransitive: finalizeProject(Project(id assignment-lazy-build, base: C:\Users\JANFAN\Documents\GitHub\CSYE7200-HW2\assignment-lazy\project, plugins: List(<none>))) took 233.304ms
[debug] [Loading] Done in C:\Users\JANFAN\Documents\GitHub\CSYE7200-HW2\assignment-lazy\project, returning: (assignment-lazy-build)
[debug]           Load.loadUnit: loadedProjectsRaw took 7802.4083ms
[debug]           Load.loadUnit: cleanEvalClasses took 17.0216ms
[debug]         Load.loadUnit(file:/C:/Users/JANFAN/Documents/GitHub/CSYE7200-HW2/assignment-lazy/project/, ...) took 9562.0013ms
[debug]       Load.apply: load took 9980.7287ms
[debug]       Load.apply: resolveProjects took 24.6058ms
[debug]       Load.apply: finalTransforms took 223.1689ms
[debug]       Load.apply: config.delegates took 18.2531ms
[debug]       Load.apply: Def.make(settings)... took 770.5366ms
[debug]       Load.apply: structureIndex took 259.6252ms
[debug]       Load.apply: mkStreams took 3.154ms
[info] loading project definition from C:\Users\JANFAN\Documents\GitHub\CSYE7200-HW2\assignment-lazy\project
[debug] Running task... Cancel: Signal, check cycles: false, forcegc: true
[debug]     Load.loadUnit: plugins took 14097.884ms
[debug]     Load.loadUnit: defsScala took 0.003ms
[debug] [Loading] Scanning directory C:\Users\JANFAN\Documents\GitHub\CSYE7200-HW2\assignment-lazy
[debug]       Load.loadUnit: mkEval took 0.2533ms
[debug] [Loading] Found non-root projects 
[debug] [Loading] Done in C:\Users\JANFAN\Documents\GitHub\CSYE7200-HW2\assignment-lazy, returning: ()
[debug] deducing auto plugins based on known facts Set(Atom(sbt.plugins.CorePlugin)) and clauses Clauses(Clause(Atom(sbt.plugins.JvmPlugin),Set(Atom(sbt.plugins.IvyPlugin)))
[debug] Clause(Atom(sbt.ScriptedPlugin),Set(Atom(sbt.plugins.JvmPlugin)))
[debug] Clause(Atom(sbt.plugins.SbtPlugin),Set(Atom(sbt.ScriptedPlugin)))
[debug] Clause(Atom(sbt.plugins.SemanticdbPlugin),Set(Atom(sbt.plugins.JvmPlugin)))
[debug] Clause(Atom(sbt.plugins.JUnitXmlReportPlugin),Set(Atom(sbt.plugins.JvmPlugin)))
[debug] Clause(Atom(sbt.plugins.MiniDependencyTreePlugin),Set(Atom(sbt.plugins.JvmPlugin)))
[debug] Clause(Atom(org.jetbrains.sbt.StructurePlugin),Set(Atom(sbt.plugins.JvmPlugin)))
[debug] Clause(Atom(org.jetbrains.sbt.IdeaShellPlugin),Set(Atom(sbt.plugins.JvmPlugin)))
[debug] Clause(Atom(org.jetbrains.sbt.indices.SbtIntellijIndicesPlugin),Set(Atom(sbt.plugins.JvmPlugin)))
[debug] Clause(Atom(sbt.plugins.CorePlugin),Set(Atom(sbt.plugins.IvyPlugin)))
[debug] Clause(Atom(sbt.plugins.IvyPlugin),Set(Atom(sbt.plugins.JvmPlugin)))
[debug] Clause(Atom(sbt.plugins.JvmPlugin),Set(Atom(sbt.plugins.SemanticdbPlugin)))
[debug] Clause(Atom(sbt.plugins.JvmPlugin),Set(Atom(sbt.plugins.JUnitXmlReportPlugin)))
[debug] Clause(Atom(sbt.plugins.CorePlugin),Set(Atom(sbt.plugins.Giter8TemplatePlugin)))
[debug] Clause(Atom(sbt.plugins.JvmPlugin),Set(Atom(sbt.plugins.MiniDependencyTreePlugin)))
[debug] Clause(Atom(sbt.plugins.JvmPlugin),Set(Atom(org.jetbrains.sbt.StructurePlugin)))
[debug] Clause(Atom(sbt.plugins.JvmPlugin),Set(Atom(org.jetbrains.sbt.IdeaShellPlugin)))
[debug] Clause(And(Set(Atom(sbt.plugins.CorePlugin), Atom(sbt.plugins.JvmPlugin))),Set(Atom(org.jetbrains.sbt.indices.SbtIntellijIndicesPlugin))))
[debug]   :: deduced result: Matched(sbt.plugins.CorePlugin,sbt.plugins.Giter8TemplatePlugin,sbt.plugins.IvyPlugin,sbt.plugins.JvmPlugin,sbt.plugins.SemanticdbPlugin,org.jetbrains.sbt.indices.SbtIntellijIndicesPlugin,sbt.plugins.JUnitXmlReportPlugin,org.jetbrains.sbt.IdeaShellPlugin,org.jetbrains.sbt.StructurePlugin,sbt.plugins.MiniDependencyTreePlugin)
[debug] Plugins.deducer#function took 2.1912 ms
[info] loading settings for project assignment-lazy from build.sbt ...
[debug]         Load.resolveProject(assignment-lazy) took 37.4739ms
[debug]       Load.loadTransitive: finalizeProject(Project(id assignment-lazy, base: C:\Users\JANFAN\Documents\GitHub\CSYE7200-HW2\assignment-lazy, plugins: List(<none>))) took 40.9033ms
[debug] [Loading] Done in C:\Users\JANFAN\Documents\GitHub\CSYE7200-HW2\assignment-lazy, returning: (assignment-lazy)
[debug]     Load.loadUnit: loadedProjectsRaw took 2169.4884ms
[debug]     Load.loadUnit: cleanEvalClasses took 20.342ms
[debug]   Load.loadUnit(file:/C:/Users/JANFAN/Documents/GitHub/CSYE7200-HW2/assignment-lazy/, ...) took 16302.7524ms
[debug] Load.apply: load took 16567.6118ms
[debug] Load.apply: resolveProjects took 0.1371ms
[debug] Load.apply: finalTransforms took 51.5683ms
[debug] Load.apply: config.delegates took 0.4341ms
[debug] Load.apply: Def.make(settings)... took 113.6917ms
[debug] Load.apply: structureIndex took 41.2055ms
[debug] Load.apply: mkStreams took 0.0027ms
[info] set current project to Lazy (in build file:/C:/Users/JANFAN/Documents/GitHub/CSYE7200-HW2/assignment-lazy/)
[debug] > Exec(sbtPopOnFailure, None, None)
[debug] > Exec(resumeFromFailure, None, None)
[debug] > Exec(notifyUsersAboutShell, None, None)
[debug] > Exec(iflast shell, None, None)
[debug] > Exec(; set ideaPort in Global := 52635 ; idea-shell, None, None)
[debug] > Exec(set ideaPort in Global := 52635, None, None)
[info] Defining Global / ideaPort
[info] The new value will be used by Compile / compile, Test / compile
[debug] Defining 
[debug] 	Global / ideaPort
[debug] 
[debug] The new value will be used by 
[debug] 	Compile / compile
[debug] 	Test / compile
[info] Reapplying settings...
[info] set current project to Lazy (in build file:/C:/Users/JANFAN/Documents/GitHub/CSYE7200-HW2/assignment-lazy/)
[debug] > Exec(idea-shell, None, None)
